/Users/rod/Library/Python/3.9/lib/python/site-packages/urllib3/__init__.py:35: NotOpenSSLWarning: urllib3 v2 only supports OpenSSL 1.1.1+, currently the 'ssl' module is compiled with 'LibreSSL 2.8.3'. See: https://github.com/urllib3/urllib3/issues/3020
  warnings.warn(

============================================================
🤖 KALSHI BOT CONFIGURATION
============================================================
Mode:              DRY
Bankroll:          $29.40
30-day Volume:     $0.00

Trading Thresholds:
  Min Market Vol:  $1,000
  Min Price:       $0.20
  Min Net Profit:  $0.10

Strategy:
  Edge Target:     5%
  Max Kelly:       10%
  Target Return:   1%

Risk Management:
  Max Losses:      3
  Check Interval:  10s
============================================================

💰 Fee Calculator Initialized
   30-day Volume: $0.00
   Fee Tier: 7.0% (Taker) / 3.5% (Maker)
   Min Net Profit: $0.10

🤖 AI Decision System Initialized
   Kelly Criterion: Enabled (Bankroll: $29.40)
   Timing Optimizer: Enabled
   Agent Council: 4 agents (Risk, Value, Timing, Sentiment)
============================================================
✅ Key loaded

🔍 Pre-flight check for KXMVESPORTSMULTIGAMEEXTENDED-S20256C509BBBCA5-1F88...
   Market: no Green Bay wins by over 7.5 points,yes Los Angeles R wins by over 3.
   Volume: $2,325
   ✅ Volume check passed!

🚀 Starting trading loop...

[18:06:30] No price (#1)
[18:06:40] No price (#2)
[18:06:50] No price (#3)
[18:07:00] No price (#4)
[18:07:11] No price (#5)
[18:07:21] No price (#6)
[18:07:31] No price (#7)
[18:07:42] No price (#8)
[18:07:52] No price (#9)
[18:08:02] No price (#10)
[18:08:12] No price (#11)
[18:08:22] No price (#12)
[18:08:32] No price (#13)
[18:08:43] No price (#14)
[18:08:53] No price (#15)
[18:09:03] No price (#16)
[18:09:13] No price (#17)
[18:09:24] No price (#18)
[18:09:34] No price (#19)
[18:09:44] No price (#20)
[18:09:54] No price (#21)
[18:10:05] No price (#22)
[18:10:15] No price (#23)
[18:10:25] No price (#24)
[18:10:35] No price (#25)
[18:10:46] No price (#26)
[18:10:56] No price (#27)
[18:11:06] No price (#28)
[18:11:16] No price (#29)
[18:11:26] No price (#30)

⛔ HALTED: Market has no pricing for 5+ minutes. Empty orderbook.
   This usually means we're outside trading hours or the market is illiquid.
   Recommendation: Run during peak hours (12pm-8pm ET) or find a liquid market.
/Users/rod/Library/Python/3.9/lib/python/site-packages/urllib3/__init__.py:35: NotOpenSSLWarning: urllib3 v2 only supports OpenSSL 1.1.1+, currently the 'ssl' module is compiled with 'LibreSSL 2.8.3'. See: https://github.com/urllib3/urllib3/issues/3020
  warnings.warn(

============================================================
🤖 KALSHI BOT CONFIGURATION
============================================================
Mode:              DRY
Bankroll:          $29.40
30-day Volume:     $0.00

Trading Thresholds:
  Min Market Vol:  $1,000
  Min Price:       $0.20
  Min Net Profit:  $0.10

Strategy:
  Edge Target:     5%
  Max Kelly:       10%
  Target Return:   1%

Risk Management:
  Max Losses:      3
  Check Interval:  10s
============================================================

💰 Fee Calculator Initialized
   30-day Volume: $0.00
   Fee Tier: 7.0% (Taker) / 3.5% (Maker)
   Min Net Profit: $0.10

🤖 AI Decision System Initialized
   Kelly Criterion: Enabled (Bankroll: $29.40)
   Timing Optimizer: Enabled
   Agent Council: 4 agents (Risk, Value, Timing, Sentiment)
============================================================
✅ Key loaded

🔍 Pre-flight check for KXMVESPORTSMULTIGAMEEXTENDED-S20256C509BBBCA5-1F88...
   Market: no Green Bay wins by over 7.5 points,yes Los Angeles R wins by over 3.
   Volume: $2,325
   ✅ Volume check passed!

🚀 Starting trading loop...

[19:00:02] No price (#1)
[19:00:12] No price (#2)
[19:00:23] No price (#3)
[19:00:33] No price (#4)
[19:00:43] No price (#5)
[19:00:53] No price (#6)
[19:01:03] No price (#7)
[19:01:13] No price (#8)
[19:01:24] No price (#9)
[19:01:34] No price (#10)
[19:01:44] No price (#11)
[19:01:54] No price (#12)
[19:02:04] No price (#13)
[19:02:14] No price (#14)
[19:02:25] No price (#15)
[19:02:35] No price (#16)
[19:02:45] No price (#17)
[19:02:55] No price (#18)
[19:03:06] No price (#19)
[19:03:16] No price (#20)
[19:03:26] No price (#21)
[19:03:36] No price (#22)
[19:03:47] No price (#23)
[19:03:57] No price (#24)
[19:04:07] No price (#25)
[19:04:17] No price (#26)
[19:04:27] No price (#27)
[19:04:38] No price (#28)
[19:04:48] No price (#29)
[19:04:58] No price (#30)

⛔ HALTED: Market has no pricing for 5+ minutes. Empty orderbook.
   This usually means we're outside trading hours or the market is illiquid.
   Recommendation: Run during peak hours (12pm-8pm ET) or find a liquid market.
/Users/rod/Library/Python/3.9/lib/python/site-packages/urllib3/__init__.py:35: NotOpenSSLWarning: urllib3 v2 only supports OpenSSL 1.1.1+, currently the 'ssl' module is compiled with 'LibreSSL 2.8.3'. See: https://github.com/urllib3/urllib3/issues/3020
  warnings.warn(

============================================================
🤖 KALSHI BOT CONFIGURATION
============================================================
Mode:              DRY
Bankroll:          $29.40
30-day Volume:     $0.00

Trading Thresholds:
  Min Market Vol:  $1,000
  Min Price:       $0.20
  Min Net Profit:  $0.10

Strategy:
  Edge Target:     5%
  Max Kelly:       10%
  Target Return:   1%

Risk Management:
  Max Losses:      3
  Check Interval:  10s
============================================================

💰 Fee Calculator Initialized
   30-day Volume: $0.00
   Fee Tier: 7.0% (Taker) / 3.5% (Maker)
   Min Net Profit: $0.10

🤖 AI Decision System Initialized
   Kelly Criterion: Enabled (Bankroll: $29.40)
   Timing Optimizer: Enabled
   Agent Council: 4 agents (Risk, Value, Timing, Sentiment)
============================================================
✅ Key loaded

🔍 Pre-flight check for KXMVESPORTSMULTIGAMEEXTENDED-S20256C509BBBCA5-1F88...
   Market: no Green Bay wins by over 7.5 points,yes Los Angeles R wins by over 3.
   Volume: $2,325
   ✅ Volume check passed!

🚀 Starting trading loop...

[20:00:02] No price (#1)
[20:00:12] No price (#2)
[20:00:23] No price (#3)
[20:00:33] No price (#4)
[20:00:43] No price (#5)
[20:00:53] No price (#6)
[20:01:03] No price (#7)
[20:01:13] No price (#8)
[20:01:24] No price (#9)
[20:01:34] No price (#10)
[20:01:44] No price (#11)
[20:01:54] No price (#12)
[20:02:04] No price (#13)
[20:02:15] No price (#14)
[20:02:25] No price (#15)
[20:02:35] No price (#16)
[20:02:45] No price (#17)
[20:02:55] No price (#18)
[20:03:06] No price (#19)
[20:03:16] No price (#20)
[20:03:26] No price (#21)
[20:03:37] No price (#22)
[20:03:47] No price (#23)
[20:03:57] No price (#24)
[20:04:07] No price (#25)
[20:04:17] No price (#26)
[20:04:27] No price (#27)
[20:04:38] No price (#28)
[20:04:48] No price (#29)
[20:04:59] No price (#30)

⛔ HALTED: Market has no pricing for 5+ minutes. Empty orderbook.
   This usually means we're outside trading hours or the market is illiquid.
   Recommendation: Run during peak hours (12pm-8pm ET) or find a liquid market.
/Users/rod/Library/Python/3.9/lib/python/site-packages/urllib3/__init__.py:35: NotOpenSSLWarning: urllib3 v2 only supports OpenSSL 1.1.1+, currently the 'ssl' module is compiled with 'LibreSSL 2.8.3'. See: https://github.com/urllib3/urllib3/issues/3020
  warnings.warn(

============================================================
🤖 KALSHI BOT CONFIGURATION
============================================================
Mode:              DRY
Bankroll:          $29.40
30-day Volume:     $0.00

Trading Thresholds:
  Min Market Vol:  $1,000
  Min Price:       $0.20
  Min Net Profit:  $0.10

Strategy:
  Edge Target:     5%
  Max Kelly:       10%
  Target Return:   1%

Risk Management:
  Max Losses:      3
  Check Interval:  10s
============================================================

💰 Fee Calculator Initialized
   30-day Volume: $0.00
   Fee Tier: 7.0% (Taker) / 3.5% (Maker)
   Min Net Profit: $0.10

🤖 AI Decision System Initialized
   Kelly Criterion: Enabled (Bankroll: $29.40)
   Timing Optimizer: Enabled
   Agent Council: 4 agents (Risk, Value, Timing, Sentiment)
============================================================
✅ Key loaded

🔍 Pre-flight check for KXMVESPORTSMULTIGAMEEXTENDED-S20256C509BBBCA5-1F88...
   Market: no Green Bay wins by over 7.5 points,yes Los Angeles R wins by over 3.
   Volume: $2,325
   ✅ Volume check passed!

🚀 Starting trading loop...

[21:00:02] No price (#1)
[21:00:12] No price (#2)
[21:00:22] No price (#3)
[21:00:32] No price (#4)
[21:00:42] No price (#5)
[21:00:52] No price (#6)
[21:01:03] No price (#7)
[21:01:13] No price (#8)
[21:01:23] No price (#9)
[21:01:33] No price (#10)
[21:01:43] No price (#11)
[21:01:54] No price (#12)
[21:02:04] No price (#13)
[21:02:15] No price (#14)
[21:02:25] No price (#15)
[21:02:36] No price (#16)
[21:02:46] No price (#17)
[21:02:56] No price (#18)
[21:03:06] No price (#19)
[21:03:16] No price (#20)
[21:03:27] No price (#21)
[21:03:37] No price (#22)
[21:03:47] No price (#23)
[21:03:57] No price (#24)
[21:04:07] No price (#25)
[21:04:18] No price (#26)
[21:04:28] No price (#27)
[21:04:38] No price (#28)
[21:04:48] No price (#29)
[21:04:59] No price (#30)

⛔ HALTED: Market has no pricing for 5+ minutes. Empty orderbook.
   This usually means we're outside trading hours or the market is illiquid.
   Recommendation: Run during peak hours (12pm-8pm ET) or find a liquid market.
/Users/rod/Library/Python/3.9/lib/python/site-packages/urllib3/__init__.py:35: NotOpenSSLWarning: urllib3 v2 only supports OpenSSL 1.1.1+, currently the 'ssl' module is compiled with 'LibreSSL 2.8.3'. See: https://github.com/urllib3/urllib3/issues/3020
  warnings.warn(

============================================================
🤖 KALSHI BOT CONFIGURATION
============================================================
Mode:              DRY
Bankroll:          $29.40
30-day Volume:     $0.00

Trading Thresholds:
  Min Market Vol:  $1,000
  Min Price:       $0.20
  Min Net Profit:  $0.10

Strategy:
  Edge Target:     5%
  Max Kelly:       10%
  Target Return:   1%

Risk Management:
  Max Losses:      3
  Check Interval:  10s
============================================================

💰 Fee Calculator Initialized
   30-day Volume: $0.00
   Fee Tier: 7.0% (Taker) / 3.5% (Maker)
   Min Net Profit: $0.10

🤖 AI Decision System Initialized
   Kelly Criterion: Enabled (Bankroll: $29.40)
   Timing Optimizer: Enabled
   Agent Council: 4 agents (Risk, Value, Timing, Sentiment)
============================================================
✅ Key loaded

🔍 Pre-flight check for KXMVESPORTSMULTIGAMEEXTENDED-S20256C509BBBCA5-1F88...
   Market: no Green Bay wins by over 7.5 points,yes Los Angeles R wins by over 3.
   Volume: $2,325
   ✅ Volume check passed!

🚀 Starting trading loop...

[22:00:02] No price (#1)
[22:00:12] No price (#2)
[22:00:22] No price (#3)
[22:00:32] No price (#4)
[22:00:43] No price (#5)
[22:00:53] No price (#6)
[22:01:03] No price (#7)
[22:01:14] No price (#8)
[22:01:24] No price (#9)
[22:01:34] No price (#10)
[22:01:45] No price (#11)
[22:01:55] No price (#12)
[22:02:05] No price (#13)
[22:02:16] No price (#14)
[22:02:26] No price (#15)
[22:02:36] No price (#16)
[22:02:47] No price (#17)
[22:02:57] No price (#18)
[22:03:07] No price (#19)
[22:03:18] No price (#20)
[22:03:28] No price (#21)
[22:03:39] No price (#22)
[22:03:50] No price (#23)
[22:04:00] No price (#24)
[22:04:10] No price (#25)
[22:04:21] No price (#26)
[22:04:31] No price (#27)
[22:04:41] No price (#28)
[22:04:52] No price (#29)
[22:05:02] No price (#30)

⛔ HALTED: Market has no pricing for 5+ minutes. Empty orderbook.
   This usually means we're outside trading hours or the market is illiquid.
   Recommendation: Run during peak hours (12pm-8pm ET) or find a liquid market.
/Users/rod/Library/Python/3.9/lib/python/site-packages/urllib3/__init__.py:35: NotOpenSSLWarning: urllib3 v2 only supports OpenSSL 1.1.1+, currently the 'ssl' module is compiled with 'LibreSSL 2.8.3'. See: https://github.com/urllib3/urllib3/issues/3020
  warnings.warn(

============================================================
🤖 KALSHI BOT CONFIGURATION
============================================================
Mode:              DRY
Bankroll:          $29.40
30-day Volume:     $0.00

Trading Thresholds:
  Min Market Vol:  $1,000
  Min Price:       $0.20
  Min Net Profit:  $0.10

Strategy:
  Edge Target:     5%
  Max Kelly:       10%
  Target Return:   1%

Risk Management:
  Max Losses:      3
  Check Interval:  10s
============================================================

💰 Fee Calculator Initialized
   30-day Volume: $0.00
   Fee Tier: 7.0% (Taker) / 3.5% (Maker)
   Min Net Profit: $0.10

🤖 AI Decision System Initialized
   Kelly Criterion: Enabled (Bankroll: $29.40)
   Timing Optimizer: Enabled
   Agent Council: 4 agents (Risk, Value, Timing, Sentiment)
============================================================
✅ Key loaded

🔍 Pre-flight check for KXMVESPORTSMULTIGAMEEXTENDED-S20256C509BBBCA5-1F88...
   Market: no Green Bay wins by over 7.5 points,yes Los Angeles R wins by over 3.
   Volume: $2,325
   ✅ Volume check passed!

🚀 Starting trading loop...

[23:00:02] No price (#1)
[23:00:12] No price (#2)
[23:00:22] No price (#3)
[23:00:32] No price (#4)
[23:00:43] No price (#5)
[23:00:53] No price (#6)
[23:01:03] No price (#7)
[23:01:13] No price (#8)
[23:01:24] No price (#9)
[23:01:34] No price (#10)
[23:01:44] No price (#11)
[23:01:54] No price (#12)
[23:02:04] No price (#13)
[23:02:15] No price (#14)
[23:02:25] No price (#15)
[23:02:35] No price (#16)
[23:02:45] No price (#17)
[23:02:56] No price (#18)
[23:03:06] No price (#19)
[23:03:16] No price (#20)
[23:03:27] No price (#21)
[23:03:37] No price (#22)
[23:03:47] No price (#23)
[23:03:57] No price (#24)
[23:04:07] No price (#25)
[23:04:18] No price (#26)
[23:04:28] No price (#27)
[23:04:38] No price (#28)
[23:04:49] No price (#29)
[23:04:59] No price (#30)

⛔ HALTED: Market has no pricing for 5+ minutes. Empty orderbook.
   This usually means we're outside trading hours or the market is illiquid.
   Recommendation: Run during peak hours (12pm-8pm ET) or find a liquid market.
