/Users/rod/Library/Python/3.9/lib/python/site-packages/urllib3/__init__.py:35: NotOpenSSLWarning: urllib3 v2 only supports OpenSSL 1.1.1+, currently the 'ssl' module is compiled with 'LibreSSL 2.8.3'. See: https://github.com/urllib3/urllib3/issues/3020
  warnings.warn(
🤖 Kalshi Bot v3 LIVE | $29.4
   Min Volume: $1,000
==================================================
✅ Key loaded

🔍 Pre-flight check for KXMVESPORTSMULTIGAMEEXTENDED-S20256C509BBBCA5-1F88...
   Market: no Green Bay wins by over 7.5 points,yes Los Angeles R wins by over 3.
   Volume: $2,325
   ✅ Volume check passed!

🚀 Starting trading loop...

[11:48:12] No price (#1)
[11:48:22] No price (#2)
[11:48:32] No price (#3)
[11:48:42] No price (#4)
[11:48:53] No price (#5)
[11:49:03] No price (#6)
[11:49:13] No price (#7)
[11:49:23] No price (#8)
[11:49:33] No price (#9)
[11:49:43] No price (#10)
[11:49:54] No price (#11)
[11:50:04] No price (#12)
[11:50:14] No price (#13)
[11:50:24] No price (#14)
[11:50:34] No price (#15)
[11:50:44] No price (#16)
[11:50:55] No price (#17)
[11:51:05] No price (#18)
[11:51:15] No price (#19)
[11:51:25] No price (#20)
[11:51:36] No price (#21)
[11:51:46] No price (#22)
[11:51:56] No price (#23)
[11:52:06] No price (#24)
[11:52:17] No price (#25)
[11:52:27] No price (#26)
[11:52:37] No price (#27)
[11:52:47] No price (#28)
[11:52:57] No price (#29)
[11:53:08] No price (#30)

⛔ HALTED: Market has no pricing for 5+ minutes. Empty orderbook.
   This usually means we're outside trading hours or the market is illiquid.
   Recommendation: Run during peak hours (12pm-8pm ET) or find a liquid market.
/Users/rod/Library/Python/3.9/lib/python/site-packages/urllib3/__init__.py:35: NotOpenSSLWarning: urllib3 v2 only supports OpenSSL 1.1.1+, currently the 'ssl' module is compiled with 'LibreSSL 2.8.3'. See: https://github.com/urllib3/urllib3/issues/3020
  warnings.warn(
🤖 Kalshi Bot v3 LIVE | $29.4
   Min Volume: $1,000
==================================================
✅ Key loaded

🔍 Pre-flight check for KXMVESPORTSMULTIGAMEEXTENDED-S20256C509BBBCA5-1F88...
   Market: no Green Bay wins by over 7.5 points,yes Los Angeles R wins by over 3.
   Volume: $2,325
   ✅ Volume check passed!

🚀 Starting trading loop...

[12:28:13] No price (#1)
[12:28:23] No price (#2)
[12:28:34] No price (#3)
[12:28:44] No price (#4)
[12:28:54] No price (#5)
[12:29:05] No price (#6)
[12:29:15] No price (#7)
[12:29:25] No price (#8)
[12:29:35] No price (#9)
[12:29:45] No price (#10)
[12:29:55] No price (#11)
[12:30:06] No price (#12)
[12:30:16] No price (#13)
[12:30:26] No price (#14)
[12:30:36] No price (#15)
[12:30:47] No price (#16)
[12:30:57] No price (#17)
[12:31:07] No price (#18)
[12:31:17] No price (#19)
[12:31:28] No price (#20)
[12:31:38] No price (#21)
[12:31:48] No price (#22)
[12:31:58] No price (#23)
[12:32:08] No price (#24)
[12:32:18] No price (#25)
[12:32:29] No price (#26)
[12:32:39] No price (#27)
[12:32:49] No price (#28)
[12:32:59] No price (#29)
[12:33:09] No price (#30)

⛔ HALTED: Market has no pricing for 5+ minutes. Empty orderbook.
   This usually means we're outside trading hours or the market is illiquid.
   Recommendation: Run during peak hours (12pm-8pm ET) or find a liquid market.
/Users/rod/Library/Python/3.9/lib/python/site-packages/urllib3/__init__.py:35: NotOpenSSLWarning: urllib3 v2 only supports OpenSSL 1.1.1+, currently the 'ssl' module is compiled with 'LibreSSL 2.8.3'. See: https://github.com/urllib3/urllib3/issues/3020
  warnings.warn(
🤖 Kalshi Bot v3 LIVE | $29.4
   Min Volume: $1,000
==================================================
✅ Key loaded

🔍 Pre-flight check for KXMVESPORTSMULTIGAMEEXTENDED-S20256C509BBBCA5-1F88...
   Market: no Green Bay wins by over 7.5 points,yes Los Angeles R wins by over 3.
   Volume: $2,325
   ✅ Volume check passed!

🚀 Starting trading loop...

[13:13:32] No price (#1)
[13:13:43] No price (#2)
[13:13:53] No price (#3)
[13:14:03] No price (#4)
[13:14:13] No price (#5)
[13:14:23] No price (#6)
[13:14:34] No price (#7)
[13:14:44] No price (#8)
[13:14:54] No price (#9)
[13:15:04] No price (#10)
[13:15:14] No price (#11)
[13:15:24] No price (#12)
[13:15:35] No price (#13)
[13:15:45] No price (#14)
[13:15:55] No price (#15)
[13:16:05] No price (#16)
[13:16:15] No price (#17)
[13:16:26] No price (#18)
[13:16:36] No price (#19)
[13:16:47] No price (#20)
[13:16:57] No price (#21)
[13:17:07] No price (#22)
[13:17:17] No price (#23)
[13:17:27] No price (#24)
[13:17:38] No price (#25)
[13:17:48] No price (#26)
[13:17:58] No price (#27)
[13:18:08] No price (#28)
[13:18:18] No price (#29)
[13:18:28] No price (#30)

⛔ HALTED: Market has no pricing for 5+ minutes. Empty orderbook.
   This usually means we're outside trading hours or the market is illiquid.
   Recommendation: Run during peak hours (12pm-8pm ET) or find a liquid market.
/Users/rod/Library/Python/3.9/lib/python/site-packages/urllib3/__init__.py:35: NotOpenSSLWarning: urllib3 v2 only supports OpenSSL 1.1.1+, currently the 'ssl' module is compiled with 'LibreSSL 2.8.3'. See: https://github.com/urllib3/urllib3/issues/3020
  warnings.warn(
🤖 Kalshi Bot v3 LIVE | $29.4
   Min Volume: $1,000
==================================================
✅ Key loaded

🔍 Pre-flight check for KXMVESPORTSMULTIGAMEEXTENDED-S20256C509BBBCA5-1F88...
   Market: no Green Bay wins by over 7.5 points,yes Los Angeles R wins by over 3.
   Volume: $2,325
   ✅ Volume check passed!

🚀 Starting trading loop...

[13:19:55] No price (#1)
/Users/rod/Library/Python/3.9/lib/python/site-packages/urllib3/__init__.py:35: NotOpenSSLWarning: urllib3 v2 only supports OpenSSL 1.1.1+, currently the 'ssl' module is compiled with 'LibreSSL 2.8.3'. See: https://github.com/urllib3/urllib3/issues/3020
  warnings.warn(
🤖 Kalshi Bot v3 LIVE | $29.4
   Min Volume: $1,000
==================================================
✅ Key loaded

🔍 Pre-flight check for KXMVESPORTSMULTIGAMEEXTENDED-S20256C509BBBCA5-1F88...
   Market: no Green Bay wins by over 7.5 points,yes Los Angeles R wins by over 3.
   Volume: $2,325
   ✅ Volume check passed!

🚀 Starting trading loop...

[13:20:03] No price (#1)
/Users/rod/Library/Python/3.9/lib/python/site-packages/urllib3/__init__.py:35: NotOpenSSLWarning: urllib3 v2 only supports OpenSSL 1.1.1+, currently the 'ssl' module is compiled with 'LibreSSL 2.8.3'. See: https://github.com/urllib3/urllib3/issues/3020
  warnings.warn(
🤖 Kalshi Bot v3 LIVE | $29.4
   Min Volume: $1,000
==================================================
✅ Key loaded

🔍 Pre-flight check for KXMVESPORTSMULTIGAMEEXTENDED-S20256C509BBBCA5-1F88...
   Market: no Green Bay wins by over 7.5 points,yes Los Angeles R wins by over 3.
   Volume: $2,325
   ✅ Volume check passed!

🚀 Starting trading loop...

[13:20:09] No price (#1)
/Users/rod/Library/Python/3.9/lib/python/site-packages/urllib3/__init__.py:35: NotOpenSSLWarning: urllib3 v2 only supports OpenSSL 1.1.1+, currently the 'ssl' module is compiled with 'LibreSSL 2.8.3'. See: https://github.com/urllib3/urllib3/issues/3020
  warnings.warn(
🤖 Kalshi Bot v3 LIVE | $29.4
   Min Volume: $1,000
==================================================
✅ Key loaded

🔍 Pre-flight check for KXMVESPORTSMULTIGAMEEXTENDED-S20256C509BBBCA5-1F88...
   Market: no Green Bay wins by over 7.5 points,yes Los Angeles R wins by over 3.
   Volume: $2,325
   ✅ Volume check passed!

🚀 Starting trading loop...

[13:20:12] No price (#1)
/Users/rod/Library/Python/3.9/lib/python/site-packages/urllib3/__init__.py:35: NotOpenSSLWarning: urllib3 v2 only supports OpenSSL 1.1.1+, currently the 'ssl' module is compiled with 'LibreSSL 2.8.3'. See: https://github.com/urllib3/urllib3/issues/3020
  warnings.warn(
🤖 Kalshi Bot v3 LIVE | $29.4
   Min Volume: $1,000
==================================================
✅ Key loaded

🔍 Pre-flight check for KXMVESPORTSMULTIGAMEEXTENDED-S20256C509BBBCA5-1F88...
   Market: no Green Bay wins by over 7.5 points,yes Los Angeles R wins by over 3.
   Volume: $2,325
   ✅ Volume check passed!

🚀 Starting trading loop...

[13:53:06] No price (#1)
[13:53:16] No price (#2)
[13:53:27] No price (#3)
[13:53:37] No price (#4)
[13:53:47] No price (#5)
[13:53:57] No price (#6)
[13:54:07] No price (#7)
[13:54:18] No price (#8)
[13:54:28] No price (#9)
[13:54:38] No price (#10)
[13:54:48] No price (#11)
[13:54:58] No price (#12)
[13:55:09] No price (#13)
[13:55:20] No price (#14)
[13:55:30] No price (#15)
[13:55:40] No price (#16)
[13:55:50] No price (#17)
/Users/rod/Library/Python/3.9/lib/python/site-packages/urllib3/__init__.py:35: NotOpenSSLWarning: urllib3 v2 only supports OpenSSL 1.1.1+, currently the 'ssl' module is compiled with 'LibreSSL 2.8.3'. See: https://github.com/urllib3/urllib3/issues/3020
  warnings.warn(
🤖 Kalshi Bot v3 LIVE | $29.4
   Min Volume: $1,000
==================================================
✅ Key loaded

🔍 Pre-flight check for KXMVESPORTSMULTIGAMEEXTENDED-S20256C509BBBCA5-1F88...
   Market: no Green Bay wins by over 7.5 points,yes Los Angeles R wins by over 3.
   Volume: $2,325
   ✅ Volume check passed!

🚀 Starting trading loop...

[14:14:51] No price (#1)
[14:15:01] No price (#2)
[14:15:11] No price (#3)
[14:15:21] No price (#4)
[14:15:32] No price (#5)
[14:15:42] No price (#6)
[14:15:52] No price (#7)
[14:16:02] No price (#8)
[14:16:12] No price (#9)
/Users/rod/Library/Python/3.9/lib/python/site-packages/urllib3/__init__.py:35: NotOpenSSLWarning: urllib3 v2 only supports OpenSSL 1.1.1+, currently the 'ssl' module is compiled with 'LibreSSL 2.8.3'. See: https://github.com/urllib3/urllib3/issues/3020
  warnings.warn(
🤖 Kalshi Bot v3 LIVE | $29.4
   Min Volume: $1,000
==================================================
✅ Key loaded

🔍 Pre-flight check for KXMVESPORTSMULTIGAMEEXTENDED-S20256C509BBBCA5-1F88...
   Market: no Green Bay wins by over 7.5 points,yes Los Angeles R wins by over 3.
   Volume: $2,325
   ✅ Volume check passed!

🚀 Starting trading loop...

[14:16:44] No price (#1)
[14:16:54] No price (#2)
[14:17:05] No price (#3)
[14:17:15] No price (#4)
[14:17:25] No price (#5)
[14:17:35] No price (#6)
[14:17:45] No price (#7)
[14:17:55] No price (#8)
[14:18:06] No price (#9)
[14:18:16] No price (#10)
[14:18:26] No price (#11)
[14:18:36] No price (#12)
[14:18:46] No price (#13)
[14:18:56] No price (#14)
[14:19:07] No price (#15)
[14:19:17] No price (#16)
[14:19:27] No price (#17)
[14:19:37] No price (#18)
[14:19:48] No price (#19)
[14:19:58] No price (#20)
[14:20:08] No price (#21)
[14:20:18] No price (#22)
[14:20:28] No price (#23)
[14:20:39] No price (#24)
[14:20:49] No price (#25)
[14:20:59] No price (#26)
[14:21:09] No price (#27)
[14:21:19] No price (#28)
[14:21:29] No price (#29)
[14:21:40] No price (#30)

⛔ HALTED: Market has no pricing for 5+ minutes. Empty orderbook.
   This usually means we're outside trading hours or the market is illiquid.
   Recommendation: Run during peak hours (12pm-8pm ET) or find a liquid market.
/Users/rod/Library/Python/3.9/lib/python/site-packages/urllib3/__init__.py:35: NotOpenSSLWarning: urllib3 v2 only supports OpenSSL 1.1.1+, currently the 'ssl' module is compiled with 'LibreSSL 2.8.3'. See: https://github.com/urllib3/urllib3/issues/3020
  warnings.warn(
🤖 Kalshi Bot v3 LIVE | $29.4
   Min Volume: $1,000
==================================================
✅ Key loaded

🔍 Pre-flight check for KXMVESPORTSMULTIGAMEEXTENDED-S20256C509BBBCA5-1F88...
   Market: no Green Bay wins by over 7.5 points,yes Los Angeles R wins by over 3.
   Volume: $2,325
   ✅ Volume check passed!

🚀 Starting trading loop...

[18:00:01] No price (#1)
[18:00:11] No price (#2)
[18:00:21] No price (#3)
[18:00:31] No price (#4)
[18:00:42] No price (#5)
[18:00:52] No price (#6)
[18:01:02] No price (#7)
[18:01:12] No price (#8)
[18:01:23] No price (#9)
[18:01:33] No price (#10)
[18:01:43] No price (#11)
[18:01:53] No price (#12)
[18:02:04] No price (#13)
[18:02:14] No price (#14)
[18:02:24] No price (#15)
[18:02:35] No price (#16)
[18:02:45] No price (#17)
[18:02:55] No price (#18)
[18:03:05] No price (#19)
[18:03:15] No price (#20)
[18:03:26] No price (#21)
[18:03:36] No price (#22)
[18:03:46] No price (#23)
[18:03:56] No price (#24)
[18:04:07] No price (#25)
[18:04:17] No price (#26)
[18:04:27] No price (#27)
[18:04:38] No price (#28)
[18:04:48] No price (#29)
[18:04:58] No price (#30)

⛔ HALTED: Market has no pricing for 5+ minutes. Empty orderbook.
   This usually means we're outside trading hours or the market is illiquid.
   Recommendation: Run during peak hours (12pm-8pm ET) or find a liquid market.
/Users/rod/Library/Python/3.9/lib/python/site-packages/urllib3/__init__.py:35: NotOpenSSLWarning: urllib3 v2 only supports OpenSSL 1.1.1+, currently the 'ssl' module is compiled with 'LibreSSL 2.8.3'. See: https://github.com/urllib3/urllib3/issues/3020
  warnings.warn(
🤖 Kalshi Bot v3 LIVE | $29.4
   Min Volume: $1,000
==================================================
✅ Key loaded

🔍 Pre-flight check for KXMVESPORTSMULTIGAMEEXTENDED-S20256C509BBBCA5-1F88...
   Market: no Green Bay wins by over 7.5 points,yes Los Angeles R wins by over 3.
   Volume: $2,325
   ✅ Volume check passed!

🚀 Starting trading loop...

[18:14:44] No price (#1)
[18:14:54] No price (#2)
[18:15:04] No price (#3)
[18:15:14] No price (#4)
[18:15:24] No price (#5)
[18:15:35] No price (#6)
[18:15:45] No price (#7)
[18:15:55] No price (#8)
[18:16:05] No price (#9)
[18:16:16] No price (#10)
[18:16:26] No price (#11)
[18:16:37] No price (#12)
[18:16:47] No price (#13)
[18:16:57] No price (#14)
[18:17:08] No price (#15)
[18:17:18] No price (#16)
[18:17:28] No price (#17)
[18:17:38] No price (#18)
[18:17:49] No price (#19)
[18:17:59] No price (#20)
[18:18:09] No price (#21)
[18:18:19] No price (#22)
[18:18:29] No price (#23)
[18:18:40] No price (#24)
[18:18:50] No price (#25)
[18:19:00] No price (#26)
[18:19:10] No price (#27)
[18:19:21] No price (#28)
[18:19:31] No price (#29)
[18:19:41] No price (#30)

⛔ HALTED: Market has no pricing for 5+ minutes. Empty orderbook.
   This usually means we're outside trading hours or the market is illiquid.
   Recommendation: Run during peak hours (12pm-8pm ET) or find a liquid market.
/Users/rod/Library/Python/3.9/lib/python/site-packages/urllib3/__init__.py:35: NotOpenSSLWarning: urllib3 v2 only supports OpenSSL 1.1.1+, currently the 'ssl' module is compiled with 'LibreSSL 2.8.3'. See: https://github.com/urllib3/urllib3/issues/3020
  warnings.warn(
🤖 Kalshi Bot v3 LIVE | $29.4
   Min Volume: $1,000
==================================================
✅ Key loaded

🔍 Pre-flight check for KXMVESPORTSMULTIGAMEEXTENDED-S20256C509BBBCA5-1F88...
   Market: no Green Bay wins by over 7.5 points,yes Los Angeles R wins by over 3.
   Volume: $2,325
   ✅ Volume check passed!

🚀 Starting trading loop...

[19:00:02] No price (#1)
[19:00:12] No price (#2)
[19:00:22] No price (#3)
[19:00:33] No price (#4)
[19:00:43] No price (#5)
[19:00:53] No price (#6)
[19:01:04] No price (#7)
[19:01:14] No price (#8)
[19:01:24] No price (#9)
[19:01:34] No price (#10)
[19:01:45] No price (#11)
[19:01:55] No price (#12)
[19:02:05] No price (#13)
[19:02:15] No price (#14)
[19:02:26] No price (#15)
[19:02:36] No price (#16)
[19:02:46] No price (#17)
[19:02:56] No price (#18)
[19:03:07] No price (#19)
[19:03:17] No price (#20)
[19:03:27] No price (#21)
[19:03:38] No price (#22)
[19:03:48] No price (#23)
[19:03:58] No price (#24)
[19:04:09] No price (#25)
[19:04:19] No price (#26)
[19:04:29] No price (#27)
[19:04:40] No price (#28)
[19:04:50] No price (#29)
[19:05:00] No price (#30)

⛔ HALTED: Market has no pricing for 5+ minutes. Empty orderbook.
   This usually means we're outside trading hours or the market is illiquid.
   Recommendation: Run during peak hours (12pm-8pm ET) or find a liquid market.
/Users/rod/Library/Python/3.9/lib/python/site-packages/urllib3/__init__.py:35: NotOpenSSLWarning: urllib3 v2 only supports OpenSSL 1.1.1+, currently the 'ssl' module is compiled with 'LibreSSL 2.8.3'. See: https://github.com/urllib3/urllib3/issues/3020
  warnings.warn(
🤖 Kalshi Bot v3 LIVE | $29.4
   Min Volume: $1,000
==================================================
✅ Key loaded

🔍 Pre-flight check for KXMVESPORTSMULTIGAMEEXTENDED-S20256C509BBBCA5-1F88...
   Market: no Green Bay wins by over 7.5 points,yes Los Angeles R wins by over 3.
   Volume: $2,325
   ✅ Volume check passed!

🚀 Starting trading loop...

[20:00:02] No price (#1)
[20:00:13] No price (#2)
[20:00:23] No price (#3)
[20:00:33] No price (#4)
[20:00:43] No price (#5)
[20:00:54] No price (#6)
[20:01:04] No price (#7)
[20:01:14] No price (#8)
[20:01:24] No price (#9)
[20:01:35] No price (#10)
[20:01:45] No price (#11)
[20:01:55] No price (#12)
[20:02:06] No price (#13)
[20:02:16] No price (#14)
[20:02:26] No price (#15)
[20:02:37] No price (#16)
[20:02:47] No price (#17)
[20:02:57] No price (#18)
[20:03:08] No price (#19)
[20:03:18] No price (#20)
[20:03:28] No price (#21)
[20:03:39] No price (#22)
[20:03:49] No price (#23)
[20:03:59] No price (#24)
[20:04:09] No price (#25)
[20:04:20] No price (#26)
[20:04:30] No price (#27)
[20:04:40] No price (#28)
[20:04:51] No price (#29)
[20:05:01] No price (#30)

⛔ HALTED: Market has no pricing for 5+ minutes. Empty orderbook.
   This usually means we're outside trading hours or the market is illiquid.
   Recommendation: Run during peak hours (12pm-8pm ET) or find a liquid market.
/Users/rod/Library/Python/3.9/lib/python/site-packages/urllib3/__init__.py:35: NotOpenSSLWarning: urllib3 v2 only supports OpenSSL 1.1.1+, currently the 'ssl' module is compiled with 'LibreSSL 2.8.3'. See: https://github.com/urllib3/urllib3/issues/3020
  warnings.warn(
🤖 Kalshi Bot v3 LIVE | $29.4
   Min Volume: $1,000
==================================================
✅ Key loaded

🔍 Pre-flight check for KXMVESPORTSMULTIGAMEEXTENDED-S20256C509BBBCA5-1F88...
   Market: no Green Bay wins by over 7.5 points,yes Los Angeles R wins by over 3.
   Volume: $2,325
   ✅ Volume check passed!

🚀 Starting trading loop...

[21:00:03] No price (#1)
[21:00:13] No price (#2)
[21:00:24] No price (#3)
[21:00:34] No price (#4)
[21:00:44] No price (#5)
[21:00:55] No price (#6)
[21:01:05] No price (#7)
[21:01:15] No price (#8)
[21:01:26] No price (#9)
[21:01:36] No price (#10)
[21:01:46] No price (#11)
[21:01:56] No price (#12)
[21:02:07] No price (#13)
[21:02:17] No price (#14)
[21:02:27] No price (#15)
[21:02:38] No price (#16)
[21:02:48] No price (#17)
[21:02:58] No price (#18)
[21:03:08] No price (#19)
[21:03:19] No price (#20)
[21:03:29] No price (#21)
[21:03:39] No price (#22)
[21:03:49] No price (#23)
[21:04:00] No price (#24)
[21:04:10] No price (#25)
[21:04:21] No price (#26)
[21:04:31] No price (#27)
[21:04:41] No price (#28)
[21:04:51] No price (#29)
[21:05:02] No price (#30)

⛔ HALTED: Market has no pricing for 5+ minutes. Empty orderbook.
   This usually means we're outside trading hours or the market is illiquid.
   Recommendation: Run during peak hours (12pm-8pm ET) or find a liquid market.
/Users/rod/Library/Python/3.9/lib/python/site-packages/urllib3/__init__.py:35: NotOpenSSLWarning: urllib3 v2 only supports OpenSSL 1.1.1+, currently the 'ssl' module is compiled with 'LibreSSL 2.8.3'. See: https://github.com/urllib3/urllib3/issues/3020
  warnings.warn(
🤖 Kalshi Bot v3 LIVE | $29.4
   Min Volume: $1,000
==================================================
✅ Key loaded

🔍 Pre-flight check for KXMVESPORTSMULTIGAMEEXTENDED-S20256C509BBBCA5-1F88...
   Market: no Green Bay wins by over 7.5 points,yes Los Angeles R wins by over 3.
   Volume: $2,325
   ✅ Volume check passed!

🚀 Starting trading loop...

[22:00:02] No price (#1)
[22:00:12] No price (#2)
[22:00:22] No price (#3)
[22:00:33] No price (#4)
[22:00:43] No price (#5)
[22:00:53] No price (#6)
[22:01:03] No price (#7)
[22:01:14] No price (#8)
[22:01:24] No price (#9)
[22:01:34] No price (#10)
[22:01:44] No price (#11)
[22:01:55] No price (#12)
[22:02:05] No price (#13)
[22:02:15] No price (#14)
[22:02:25] No price (#15)
[22:02:36] No price (#16)
[22:02:46] No price (#17)
[22:02:56] No price (#18)
[22:03:07] No price (#19)
[22:03:17] No price (#20)
[22:03:27] No price (#21)
[22:03:38] No price (#22)
[22:03:48] No price (#23)
[22:03:59] No price (#24)
[22:04:09] No price (#25)
[22:04:19] No price (#26)
[22:04:30] No price (#27)
[22:04:40] No price (#28)
[22:04:50] No price (#29)
[22:05:00] No price (#30)

⛔ HALTED: Market has no pricing for 5+ minutes. Empty orderbook.
   This usually means we're outside trading hours or the market is illiquid.
   Recommendation: Run during peak hours (12pm-8pm ET) or find a liquid market.
/Users/rod/Library/Python/3.9/lib/python/site-packages/urllib3/__init__.py:35: NotOpenSSLWarning: urllib3 v2 only supports OpenSSL 1.1.1+, currently the 'ssl' module is compiled with 'LibreSSL 2.8.3'. See: https://github.com/urllib3/urllib3/issues/3020
  warnings.warn(
🤖 Kalshi Bot v3 LIVE | $29.4
   Min Volume: $1,000
==================================================
✅ Key loaded

🔍 Pre-flight check for KXMVESPORTSMULTIGAMEEXTENDED-S20256C509BBBCA5-1F88...
   Market: no Green Bay wins by over 7.5 points,yes Los Angeles R wins by over 3.
   Volume: $2,325
   ✅ Volume check passed!

🚀 Starting trading loop...

[23:00:04] No price (#1)
[23:00:15] No price (#2)
[23:00:25] No price (#3)
[23:00:36] No price (#4)
[23:00:46] No price (#5)
[23:00:56] No price (#6)
[23:01:06] No price (#7)
[23:01:17] No price (#8)
[23:01:27] No price (#9)
[23:01:38] No price (#10)
[23:01:48] No price (#11)
[23:01:58] No price (#12)
[23:02:08] No price (#13)
[23:02:19] No price (#14)
[23:02:29] No price (#15)
[23:02:39] No price (#16)
[23:02:49] No price (#17)
[23:03:00] No price (#18)
[23:03:10] No price (#19)
[23:03:20] No price (#20)
[23:03:30] No price (#21)
[23:03:40] No price (#22)
[23:03:51] No price (#23)
[23:04:01] No price (#24)
[23:04:11] No price (#25)
[23:04:22] No price (#26)
[23:04:32] No price (#27)
[23:04:42] No price (#28)
[23:04:52] No price (#29)
[23:05:02] No price (#30)

⛔ HALTED: Market has no pricing for 5+ minutes. Empty orderbook.
   This usually means we're outside trading hours or the market is illiquid.
   Recommendation: Run during peak hours (12pm-8pm ET) or find a liquid market.
