/Users/rod/Library/Python/3.9/lib/python/site-packages/urllib3/__init__.py:35: NotOpenSSLWarning: urllib3 v2 only supports OpenSSL 1.1.1+, currently the 'ssl' module is compiled with 'LibreSSL 2.8.3'. See: https://github.com/urllib3/urllib3/issues/3020
  warnings.warn(

============================================================
🤖 KALSHI BOT CONFIGURATION
============================================================
Mode:              DRY
Bankroll:          $29.40
30-day Volume:     $0.00

Trading Thresholds:
  Min Market Vol:  $1,000
  Min Price:       $0.20
  Min Net Profit:  $0.10

Strategy:
  Edge Target:     5%
  Max Kelly:       10%
  Target Return:   1%

Risk Management:
  Max Losses:      3
  Check Interval:  10s
============================================================

💰 Fee Calculator Initialized
   30-day Volume: $0.00
   Fee Tier: 7.0% (Taker) / 3.5% (Maker)
   Min Net Profit: $0.10

🤖 AI Decision System Initialized
   Kelly Criterion: Enabled (Bankroll: $29.40)
   Timing Optimizer: Enabled
   Agent Council: 4 agents (Risk, Value, Timing, Sentiment)
============================================================
✅ PostgreSQL database initialized on Gandalf
✅ TradeDB Connected
✅ Key loaded

🔍 Pre-flight check for KXMVESPORTSMULTIGAMEEXTENDED-S20256C509BBBCA5-1F88...
   Market: no Green Bay wins by over 7.5 points,yes Los Angeles R wins by over 3.
   Volume: $2,325
   ✅ Volume check passed!

🚀 Starting trading loop...

[09:00:32] No price (#1)
[09:00:43] No price (#2)
[09:00:53] No price (#3)
[09:01:04] No price (#4)
[09:01:14] No price (#5)
[09:01:24] No price (#6)
[09:01:35] No price (#7)
[09:01:45] No price (#8)
[09:01:56] No price (#9)
[09:02:06] No price (#10)
[09:02:16] No price (#11)
[09:02:27] No price (#12)
[09:02:38] No price (#13)
[09:02:49] No price (#14)
[09:02:59] No price (#15)
[09:03:10] No price (#16)
[09:03:20] No price (#17)
[09:03:31] No price (#18)
[09:03:41] No price (#19)
[09:03:52] No price (#20)
[09:04:02] No price (#21)
[09:04:12] No price (#22)
[09:04:23] No price (#23)
[09:04:34] No price (#24)
[09:04:44] No price (#25)
[09:04:55] No price (#26)
[09:05:05] No price (#27)
[09:05:15] No price (#28)
[09:05:26] No price (#29)
[09:05:37] No price (#30)

⛔ HALTED: Market has no pricing for 5+ minutes. Empty orderbook.
   This usually means we're outside trading hours or the market is illiquid.
   Recommendation: Run during peak hours (12pm-8pm ET) or find a liquid market.
/Users/rod/Library/Python/3.9/lib/python/site-packages/urllib3/__init__.py:35: NotOpenSSLWarning: urllib3 v2 only supports OpenSSL 1.1.1+, currently the 'ssl' module is compiled with 'LibreSSL 2.8.3'. See: https://github.com/urllib3/urllib3/issues/3020
  warnings.warn(

============================================================
🤖 KALSHI BOT CONFIGURATION
============================================================
Mode:              DRY
Bankroll:          $29.40
30-day Volume:     $0.00

Trading Thresholds:
  Min Market Vol:  $1,000
  Min Price:       $0.20
  Min Net Profit:  $0.10

Strategy:
  Edge Target:     5%
  Max Kelly:       10%
  Target Return:   1%

Risk Management:
  Max Losses:      3
  Check Interval:  10s
============================================================

💰 Fee Calculator Initialized
   30-day Volume: $0.00
   Fee Tier: 7.0% (Taker) / 3.5% (Maker)
   Min Net Profit: $0.10

🤖 AI Decision System Initialized
   Kelly Criterion: Enabled (Bankroll: $29.40)
   Timing Optimizer: Enabled
   Agent Council: 4 agents (Risk, Value, Timing, Sentiment)
============================================================
✅ PostgreSQL database initialized on Gandalf
✅ TradeDB Connected
✅ Key loaded

🔍 Pre-flight check for KXMVESPORTSMULTIGAMEEXTENDED-S20256C509BBBCA5-1F88...
   Market: no Green Bay wins by over 7.5 points,yes Los Angeles R wins by over 3.
   Volume: $2,325
   ✅ Volume check passed!

🚀 Starting trading loop...

[22:00:01] No price (#1)
[22:00:12] No price (#2)
[22:00:22] No price (#3)
[22:00:32] No price (#4)
[22:00:43] No price (#5)
[22:00:53] No price (#6)
[22:01:03] No price (#7)
[22:01:14] No price (#8)
[22:01:24] No price (#9)
[22:01:34] No price (#10)
[22:01:45] No price (#11)
[22:01:55] No price (#12)
[22:02:05] No price (#13)
[22:02:16] No price (#14)
[22:02:26] No price (#15)
[22:02:36] No price (#16)
[22:02:47] No price (#17)
[22:02:57] No price (#18)
[22:03:07] No price (#19)
[22:03:18] No price (#20)
[22:03:28] No price (#21)
[22:03:39] No price (#22)
[22:03:49] No price (#23)
[22:03:59] No price (#24)
[22:04:10] No price (#25)
[22:04:20] No price (#26)
[22:04:30] No price (#27)
[22:04:40] No price (#28)
[22:04:51] No price (#29)
[22:05:01] No price (#30)

⛔ HALTED: Market has no pricing for 5+ minutes. Empty orderbook.
   This usually means we're outside trading hours or the market is illiquid.
   Recommendation: Run during peak hours (12pm-8pm ET) or find a liquid market.
